<?xml version="1.0" encoding="UTF-8"?>
<!-- Generated by org.testng.reporters.JUnitReportReporter -->
<testsuite hostname="Akshayas-Air.lan" failures="0" tests="1" name="SeachFunctionalityPack.SeachFunctionality" time="6.490" errors="0" timestamp="2024-08-22T17:44:07 CDT" skipped="0">
  <testcase classname="SeachFunctionalityPack.SeachFunctionality" name="sortDisplayedSearchResults" time="6.490"/>
</testsuite> <!-- SeachFunctionalityPack.SeachFunctionality -->
