<?xml version="1.0" encoding="UTF-8"?>
<!-- Generated by org.testng.reporters.JUnitReportReporter -->
<testsuite hostname="Akshayas-Air.lan" failures="0" tests="1" name="UserRegisterPackage.RegisterFunctionality" time="5.383" errors="0" timestamp="2024-08-21T23:31:27 CDT" skipped="0">
  <testcase classname="UserRegisterPackage.RegisterFunctionality" name="properPlaceholdersCheck" time="5.383"/>
</testsuite> <!-- UserRegisterPackage.RegisterFunctionality -->
