<?xml version="1.0" encoding="UTF-8"?>
<!-- Generated by org.testng.reporters.JUnitReportReporter -->
<testsuite hostname="Akshayas-Air.lan" failures="0" tests="1" name="ShoppingCartPack.ShoppingCartFunctionality" time="8.297" errors="0" timestamp="2024-08-23T15:51:07 CDT" skipped="0">
  <testcase classname="ShoppingCartPack.ShoppingCartFunctionality" name="viewCartOptionInCardBlock" time="8.297"/>
</testsuite> <!-- ShoppingCartPack.ShoppingCartFunctionality -->
