<?xml version="1.0" encoding="UTF-8"?>
<!-- Generated by org.testng.reporters.JUnitReportReporter -->
<testsuite hostname="Akshayas-Air.lan" failures="0" tests="1" name="UserRegisterPackage.TCRF001" time="8.190" errors="0" timestamp="2024-08-21T12:39:22 CDT" skipped="0">
  <testcase classname="UserRegisterPackage.TCRF001" name="registerAccountWithAllFields" time="8.190"/>
</testsuite> <!-- UserRegisterPackage.TCRF001 -->
