<?xml version="1.0" encoding="UTF-8"?>
<!-- Generated by org.testng.reporters.JUnitReportReporter -->
<testsuite hostname="Akshayas-Air.lan" failures="0" tests="1" name="ShoppingCartPack.ShoppingCartFunctionality" time="9.430" errors="0" timestamp="2024-08-23T11:48:00 CDT" skipped="0">
  <testcase classname="ShoppingCartPack.ShoppingCartFunctionality" name="navigateToShoppingCartFromSuccessMessage" time="9.430"/>
</testsuite> <!-- ShoppingCartPack.ShoppingCartFunctionality -->
